<?xml version="1.0" encoding="UTF-8"?>
<!-- Generated by org.testng.reporters.JUnitReportReporter -->
<testsuite hostname="PLKRK-L-R9TX1TZ" name="com.abb.pl.test.BasicTest" tests="2" failures="0" timestamp="18 Jun 2013 07:55:24 GMT" time="13,803" errors="0">
  <testcase name="checkIfRedLogoIsDisplayed" time="10,316" classname="com.abb.pl.test.BasicTest"/>
  <testcase name="checkIfHeaderIsCorrect" time="3,487" classname="com.abb.pl.test.BasicTest"/>
</testsuite>
